0		 S 		16:00:00	16:00:00	16:00:00	
1		 S 		16:00:00	16:00:00	16:00:00	
2		 S 		16:00:00	16:00:00	16:00:00	
3		 S 		16:00:00	16:00:00	16:00:00	
4		 S 		16:00:00	16:00:00	16:00:00	
0		 S 		16:00:00	16:00:00	16:00:00	
0		 S 		16:00:00	16:00:00	16:00:00	
0		 S 		16:00:00	16:00:00	16:00:00	
1		 S 		16:00:00	16:00:00	16:00:00	
2		 S 		16:00:00	16:00:00	16:00:00	
3		 S 		16:00:00	16:00:00	16:00:00	
4		 S 		16:00:00	16:00:00	16:00:00	
5		 S 		16:00:00	16:00:00	16:00:00	
6		 S 		16:00:00	16:00:00	16:00:00	
7		 S 		16:00:00	16:00:00	16:00:00	
8		 S 		16:00:00	16:00:00	16:00:00	
9		 S 		16:00:00	16:00:00	16:00:00	
10		 S 		16:00:00	16:00:00	16:00:00	
11		 S 		16:00:00	16:00:00	16:00:00	
12		 S 		16:00:00	16:00:00	16:00:00	
13		 S 		16:00:00	16:00:00	16:00:00	
14		 S 		16:00:00	16:00:00	16:00:00	
15		 S 		16:00:00	16:00:00	16:00:00	
16		 S 		16:00:00	16:00:00	16:00:00	
17		 S 		16:00:00	16:00:00	16:00:00	
18		 S 		16:00:00	16:00:00	16:00:00	
19		 S 		16:00:00	16:00:00	16:00:00	
20		 S 		16:00:00	16:00:00	16:00:00	
0		 S 		16:00:00	16:00:00	16:00:00	
1		 S 		16:00:00	16:00:00	16:00:00	
2		 S 		16:00:00	16:00:00	16:00:00	
3		 S 		16:00:00	16:00:00	16:00:00	
4		 S 		16:00:00	16:00:00	16:00:00	
5		 S 		16:00:00	16:00:00	16:00:00	
6		 S 		16:00:00	16:00:00	16:00:00	
7		 S 		16:00:00	16:00:00	16:00:00	
8		 S 		16:00:00	16:00:00	16:00:00	
9		 S 		16:00:00	16:00:00	16:00:00	
10		 S 		16:00:00	16:00:00	16:00:00	
11		 S 		16:00:00	16:00:00	16:00:00	
12		 S 		16:00:00	16:00:00	16:00:00	
13		 S 		16:00:00	16:00:00	16:00:00	
14		 S 		16:00:00	16:00:00	16:00:00	
15		 S 		16:00:00	16:00:00	16:00:00	
0		 S 		16:00:00	16:00:00	16:00:00	
1		 S 		16:00:00	16:00:00	16:00:00	
2		 S 		16:00:00	16:00:00	16:00:00	
3		 S 		16:00:00	16:00:00	16:00:00	
4		 S 		16:00:00	16:00:00	16:00:00	
5		 S 		16:00:00	16:00:00	16:00:00	
0		 S 		16:00:00	16:00:00	16:00:00	
1		 S 		16:00:00	16:00:00	16:00:00	
2		 S 		16:00:00	16:00:00	16:00:00	
3		 S 		16:00:00	16:00:00	16:00:00	
4		 S 		16:00:00	16:00:00	16:00:00	
5		 S 		16:00:00	16:00:00	16:00:00	
6		 S 		16:00:00	16:00:00	16:00:00	
7		 S 		16:00:00	16:00:00	16:00:00	
8		 S 		16:00:00	16:00:00	16:00:00	
9		 S 		16:00:00	16:00:00	16:00:00	
10		 S 		16:00:00	16:00:00	16:00:00	
11		 S 		16:00:00	16:00:00	16:00:00	
12		 S 		16:00:00	16:00:00	16:00:00	
13		 S 		16:00:00	16:00:00	16:00:00	
14		 S 		16:00:00	16:00:00	16:00:00	
0		 S 		16:00:00	16:00:00	16:00:00	
1		 S 		16:00:00	16:00:00	16:00:00	
2		 S 		16:00:00	16:00:00	16:00:00	
3		 S 		16:00:00	16:00:00	16:00:00	
4		 S 		16:00:00	16:00:00	16:00:00	
5		 S 		16:00:00	16:00:00	16:00:00	
6		 S 		16:00:00	16:00:00	16:00:00	
7		 S 		16:00:00	16:00:00	16:00:00	
8		 S 		16:00:00	16:00:00	16:00:00	
0		 N 		16:00:00	16:00:00	16:00:00	
0		 N 		16:00:00	16:00:00	16:00:00	
0		 N 		16:00:00	16:00:00	16:00:00	
0		 S 		16:00:00	16:00:00	16:00:00	
0		 S 		16:00:00	16:00:00	16:00:00	
0		 N 		16:00:00	16:00:00	16:00:00	
0		 S 		16:00:00	16:00:00	16:00:00	
0		 N 		16:00:00	16:00:00	16:00:00	
0		 S 		16:00:00	16:00:00	16:00:00	
0		 N 		16:00:00	16:00:00	16:00:00	
0		 S 		16:00:00	16:00:00	16:00:00	
0		 N 		16:00:00	16:00:00	16:00:00	
0		 S 		16:00:00	16:00:00	16:00:00	
0		 N 		16:00:00	16:00:00	16:00:00	
0		 S 		16:00:00	16:00:00	16:00:00	
0		 N 		16:00:00	16:00:00	16:00:00	
0		 S 		16:00:00	16:00:00	16:00:00	
0		 N 		16:00:00	16:00:00	16:00:00	
0		 S 		16:00:00	16:00:00	16:00:00	
0		 N 		16:00:00	16:00:00	16:00:00	
0		 S 		16:00:00	16:00:00	16:00:00	
0		 N 		16:00:00	16:00:00	16:00:00	
0		 S 		16:00:00	16:00:00	16:00:00	
0		 S 		16:00:00	16:00:00	16:00:00	
0		 S 		16:00:00	16:00:00	16:00:00	
0		 N 		16:00:00	16:00:00	16:00:00	
0		 S 		16:00:00	16:00:00	16:00:00	
0		 N 		16:00:00	16:00:00	16:00:00	
0		 S 		16:00:00	16:00:00	16:00:00	
0		 N 		16:00:00	16:00:00	16:00:00	
0		 S 		16:00:00	16:00:00	16:00:00	
0		 N 		16:00:00	16:00:00	16:00:00	
0		 S 		16:00:00	16:00:00	16:00:00	
0		 N 		16:00:00	16:00:00	16:00:00	
0		 S 		16:00:00	16:00:00	16:00:00	
0		 N 		16:00:00	16:00:00	16:00:00	
0		 S 		16:00:00	16:00:00	16:00:00	
0		 N 		16:00:00	16:00:00	16:00:00	
0		 S 		16:00:00	16:00:00	16:00:00	
0		 N 		16:00:00	16:00:00	0		 N 		16:00:00	16:00:00	16:00:00	
0		 N 		16:00:00	16:00:00	16:00:00	
0		 N 		16:00:00	16:00:00	16:00:00	
0		 S 		16:00:00	16:00:00	16:00:00	
0		 S 		16:00:00	16:00:00	16:00:00	
0		 S 		16:00:00	16:00:00	16:00:00	
0		 N 		16:00:00	16:00:00	16:00:00	
0		 S 		16:00:00	16:00:00	16:00:00	
0		 N 		16:00:00	16:00:00	16:00:00	
0		 S 		16:00:00	16:00:00	16:00:00	
0		 N 		16:00:00	16:00:00	16:00:00	
0		 S 		16:00:00	16:00:00	16:00:00	
0		 N 		16:00:00	16:00:00	16:00:00	
0		 S 		16:00:00	16:00:00	16:00:00	
0		 N 		16:00:00	16:00:00	16:00:00	
0		 S 		16:00:00	16:00:00	16:00:00	
0		 N 		16:00:00	16:00:00	16:00:00	
0		 S 		16:00:00	16:00:00	16:00:00	
0		 N 		16:00:00	16:00:00	16:00:00	
0		 S 		16:00:00	16:00:00	16:00:00	
0		 N 		16:00:00	16:00:00	16:00:00	
0		 S 		16:00:00	16:00:00	16:00:00	
0		 S 		16:00:00	16:00:00	16:00:00	
0		 S 		16:00:00	16:00:00	16:00:00	
0		 S 		16:00:00	16:00:00	16:00:00	
0		 N 		16:00:00	16:00:00	16:00:00	
0		 N 		16:00:00	16:00:00	16:00:00	
0		 N 		16:00:00	16:00:00	16:00:00	
0		 N 		16:00:00	16:00:00	16:00:00	
0		 N 		16:00:00	16:00:00	16:00:00	
0		 N 		16:00:00	16:00:00	16:00:00	
0		 N 		16:00:00	16:00:00	16:00:00	
0		 N 		16:00:00	16:00:00	16:00:00	
0		 N 		16:00:00	16:00:00	16:00:00	
0		 N 		16:00:00	16:00:00	16:00:00	
0		 S 		16:00:00	16:00:00	16:00:00	
0		 S 		16:00:00	16:00:00	16:00:00	
0		 S 		16:00:00	16:00:00	16:00:00	
0		 S 		16:00:00	16:00:00	16:00:00	
0		 S 		16:00:00	16:00:00	16:00:00	
0		 S 		16:00:00	16:00:00	16:00:00	
0		 S 		16:00:00	16:00:00	16:00:00	
0		 S 		16:00:00	16:00:00	16:00:00	
0		 S 		16:00:00	16:00:00	16:00:00	
0		 S 		16:00:00	16:00:00	16:00:00	
0		 S 		16:00:00	16:00:00	16:00:00	
0		 S 		16:00:00	16:00:00	0		 N 		16:00:00	16:00:00	16:00:00	
0		 N 		16:00:00	16:00:00	16:00:00	
0		 N 		16:00:00	16:00:00	16:00:00	
0		 S 		16:00:00	16:00:00	16:00:00	
0		 S 		16:00:00	16:00:00	16:00:00	
0		 S 		16:00:00	16:00:00	16:00:00	
0		 N 		16:00:00	16:00:00	16:00:00	
0		 N 		16:00:00	16:00:00	16:00:00	
0		 N 		16:00:00	16:00:00	0		 N 		16:00:00	16:00:00	16:00:00	
0		 N 		16:00:00	16:00:00	0		 N 		16:00:00	16:00:00	0		 N 		16:00:00	16:00:00	16:00:00	
0		 S 		16:00:00	16:00:00	16:00:00	
0		 N 		16:00:00	16:00:00	16:00:00	
0		 N 		16:00:00	16:00:00	16:00:00	
0		 N 		16:00:00	16:00:00	16:00:00	
0		 N 		16:00:00	16:00:00	16:00:00	
0		 N 		16:00:00	16:00:00	16:00:00	
0		 N 		16:00:00	16:00:00	16:00:00	
0		 S 		16:00:00	16:00:00	16:00:00	
0		 S 		16:00:00	16:00:00	16:00:00	
0		 S 		16:00:00	16:00:00	16:00:00	
0		 S 		16:00:00	16:00:00	16:00:00	
0		 S 		16:00:00	16:00:00	16:00:00	
0		 S 		16:00:00	16:00:00	16:00:00	
0		 N 		16:00:00	16:00:00	16:00:00	
0		 S 		16:00:00	16:00:00	16:00:00	
0		 N 		16:00:00	16:00:00	16:00:00	
0		 S 		16:00:00	16:00:00	16:00:00	
0		 N 		16:00:00	16:00:00	16:00:00	
0		 S 		16:00:00	16:00:00	16:00:00	
0		 N 		16:00:00	16:00:00	16:00:00	
0		 S 		16:00:00	16:00:00	16:00:00	
0		 N 		16:00:00	16:00:00	16:00:00	
0		 S 		16:00:00	16:00:00	16:00:00	
0		 N 		16:00:00	16:00:00	16:00:00	
0		 S 		16:00:00	16:00:00	16:00:00	
0		 N 		16:00:00	16:00:00	16:00:00	
0		 S 		16:00:00	16:00:00	16:00:00	
0		 N 		16:00:00	16:00:00	16:00:00	
0		 S 		16:00:00	16:00:00	16:00:00	
0		 N 		16:00:00	16:00:00	16:00:00	
0		 S 		16:00:00	16:00:00	16:00:00	
0		 N 		16:00:00	16:00:00	16:00:00	
0		 S 		16:00:00	16:00:00	16:00:00	
0		 N 		16:00:00	16:00:00	16:00:00	
0		 S 		16:00:00	16:00:00	16:00:00	
0		 N 		16:00:00	16:00:00	16:00:00	
0		 S 		16:00:00	16:00:00	16:00:00	
0		 S 		16:00:00	16:00:00	16:00:00	
0		 S 		16:00:00	16:00:00	16:00:00	
0		 S 		16:00:00	16:00:00	16:00:00	
0		 S 		16:00:00	16:00:00	16:00:00	
0		 S 		16:00:00	16:00:00	16:00:00	
0		 S 		16:00:00	16:00:00	16:00:00	
0		 S 		16:00:00	16:00:00	16:00:00	
0		 S 		16:00:00	16:00:00	16:00:00	
0		 S 		16:00:00	16:00:00	16:00:00	
0		 N 		16:00:00	16:00:00	16:00:00	
0		 N 		16:00:00	16:00:00	16:00:00	
0		 N 		16:00:00	16:00:00	16:00:00	
0		 N 		16:00:00	16:00:00	16:00:00	
0		 N 		16:00:00	16:00:00	16:00:00	
0		 N 		16:00:00	16:00:00	16:00:00	
0		 N 		16:00:00	16:00:00	16:00:00	
0		 N 		16:00:00	16:00:00	16:00:00	
0		 N 		16:00:00	16:00:00	16:00:00	
0		 N 		16:00:00	16:00:00	16:00:00	
0		 N 		16:00:00	16:00:00	16:00:00	
0		 S 		16:00:00	16:00:00	16:00:00	
0		 S 		16:00:00	16:00:00	16:00:00	
0		 N 		16:00:00	16:00:00	16:00:00	
0		 N 		16:00:00	16:00:00	16:00:00	
0		 N 		16:00:00	16:00:00	16:00:00	
0		 N 		16:00:00	16:00:00	16:00:00	
0		 N 		16:00:00	16:00:00	16:00:00	
0		 S 		16:00:00	16:00:00	16:00:00	
0		 S 		16:00:00	16:00:00	16:00:00	
0		 S 		16:00:00	16:00:00	16:00:00	
0		 S 		16:00:00	16:00:00	16:00:00	
0		 S 		16:00:00	16:00:00	16:00:00	
0		 N 		16:00:00	16:00:00	16:00:00	
0		 N 		16:00:00	16:00:00	16:00:00	
0		 S 		16:00:00	16:00:00	16:00:00	
0		 S 		16:00:00	16:00:00	16:00:00	
0		 N 		16:00:00	16:00:00	16:00:00	
0		 N 		16:00:00	16:00:00	16:00:00	
0		 N 		16:00:00	16:00:00	16:00:00	
0		 N 		16:00:00	16:00:00	16:00:00	
0		 N 		16:00:00	16:00:00	16:00:00	
0		 N 		16:00:00	16:00:00	16:00:00	
0		 S 		16:00:00	16:00:00	16:00:00	
0		 S 		16:00:00	16:00:00	16:00:00	
0		 S 		16:00:00	16:00:00	16:00:00	
0		 S 		16:00:00	16:00:00	16:00:00	
0		 S 		16:00:00	16:00:00	16:00:00	
0		 S 		16:00:00	16:00:00	16:00:00	
0		 N 		16:00:00	16:00:00	16:00:00	
0		 N 		16:00:00	16:00:00	16:00:00	
0		 N 		16:00:00	16:00:00	0		 N 		16:00:00	16:00:00	16:00:00	
0		 N 		16:00:00	16:00:00	16:00:00	
0		 N 		16:00:00	16:00:00	16:00:00	
0		 N 		16:00:00	16:00:00	16:00:00	
0		 S 		16:00:00	16:00:00	16:00:00	
0		 S 		16:00:00	16:00:00	16:00:00	
0		 S 		16:00:00	16:00:00	16:00:00	
0		 S 		16:00:00	16:00:00	0		 N 		16:00:00	16:00:00	16:00:00	
0		 S 		16:00:00	16:00:00	16:00:00	
0		 N 		16:00:00	16:00:00	16:00:00	
0		 S 		16:00:00	16:00:00	16:00:00	
0		 S 		16:00:00	16:00:00	16:00:00	
0		 S 		16:00:00	16:00:00	16:00:00	
0		 S 		16:00:00	16:00:00	16:00:00	
0		 S 		16:00:00	16:00:00	16:00:00	
0		 S 		16:00:00	16:00:00	16:00:00	
0		 S 		16:00:00	16:00:00	16:00:00	
0		 S 		16:00:00	16:00:00	16:00:00	
0		 S 		16:00:00	16:00:00	16:00:00	
0		 S 		16:00:00	16:00:00	16:00:00	
0		 N 		16:00:00	16:00:00	16:00:00	
0		 N 		16:00:00	16:00:00	16:00:00	
0		 N 		16:00:00	16:00:00	16:00:00	
0		 N 		16:00:00	16:00:00	16:00:00	
0		 N 		16:00:00	16:00:00	16:00:00	
0		 N 		16:00:00	16:00:00	16:00:00	
0		 N 		16:00:00	16:00:00	16:00:00	
0		 N 		16:00:00	16:00:00	16:00:00	
0		 N 		16:00:00	16:00:00	16:00:00	
0		 N 		16:00:00	16:00:00	16:00:00	
0		 N 		16:00:00	16:00:00	16:00:00	
0		 N 		16:00:00	16:00:00	16:00:00	
0		 N 		16:00:00	16:00:00	16:00:00	
0		 N 		16:00:00	16:00:00	16:00:00	
0		 N 		16:00:00	16:00:00	16:00:00	
0		 N 		16:00:00	16:00:00	16:00:00	
0		 N 		16:00:00	16:00:00	0		 N 		16:00:00	16:00:00	0		 N 		16:00:00	16:00:00	16:00:00	
0		 N 		16:00:00	16:00:00	16:00:00	
0		 N 		16:00:00	16:00:00	16:00:00	
0		 N 		16:00:00	16:00:00	16:00:00	
0		 N 		16:00:00	16:00:00	16:00:00	
0		 N 		16:00:00	16:00:00	16:00:00	
0		 N 		16:00:00	16:00:00	16:00:00	
0		 S 		16:00:00	16:00:00	16:00:00	
0		 S 		16:00:00	16:00:00	16:00:00	
0		 S 		16:00:00	16:00:00	16:00:00	
0		 S 		16:00:00	16:00:00	16:00:00	
0		 S 		16:00:00	16:00:00	16:00:00	
0		 S 		16:00:00	16:00:00	16:00:00	
0		 S 		16:00:00	16:00:00	16:00:00	
0		 N 		16:00:00	16:00:00	0		 N 		16:00:00	16:00:00	16:00:00	
0		 N 		16:00:00	16:00:00	16:00:00	
0		 N 		16:00:00	16:00:00	16:00:00	
0		 S 		16:00:00	16:00:00	16:00:00	
0		 S 		16:00:00	16:00:00	16:00:00	
0		 S 		16:00:00	16:00:00	16:00:00	
0		 S 		16:00:00	16:00:00	16:00:00	
0		 S 		16:00:00	16:00:00	16:00:00	
0		 S 		16:00:00	16:00:00	16:00:00	
0		 N 		16:00:00	16:00:00	16:00:00	
0		 N 		16:00:00	16:00:00	16:00:00	
0		 N 		16:00:00	16:00:00	16:00:00	
0		 N 		16:00:00	16:00:00	16:00:00	
0		 N 		16:00:00	16:00:00	16:00:00	
0		 N 		16:00:00	16:00:00	0		 N 		16:00:00	16:00:00	16:00:00	
0		 S 		16:00:00	16:00:00	16:00:00	
0		 N 		16:00:00	16:00:00	16:00:00	
0		 N 		16:00:00	16:00:00	16:00:00	
0		 N 		16:00:00	16:00:00	16:00:00	
0		 N 		16:00:00	16:00:00	16:00:00	
0		 N 		16:00:00	16:00:00	16:00:00	
0		 S 		16:00:00	16:00:00	16:00:00	
0		 S 		16:00:00	16:00:00	16:00:00	
0		 S 		16:00:00	16:00:00	16:00:00	
0		 S 		16:00:00	16:00:00	16:00:00	
0		 S 		16:00:00	16:00:00	16:00:00	
0		 S 		16:00:00	16:00:00	16:00:00	
0		 S 		16:00:00	16:00:00	16:00:00	
0		 S 		16:00:00	16:00:00	16:00:00	
0		 S 		16:00:00	16:00:00	16:00:00	
0		 N 		16:00:00	16:00:00	16:00:00	
0		 N 		16:00:00	16:00:00	16:00:00	
0		 N 		16:00:00	16:00:00	16:00:00	
0		 N 		16:00:00	16:00:00	16:00:00	
0		 N 		16:00:00	16:00:00	16:00:00	
1		 N 		16:00:00	16:00:00	16:00:00	
2		 N 		16:00:00	16:00:00	16:00:00	
3		 N 		16:00:00	16:00:00	16:00:00	
4		 S 		16:00:00	16:00:00	16:00:00	
5		 S 		16:00:00	16:00:00	16:00:00	
6		 S 		16:00:00	16:00:00	16:00:00	
7		 S 		16:00:00	16:00:00	16:00:00	
0		 N 		16:00:00	16:00:00	16:00:00	
1		 N 		16:00:00	16:00:00	16:00:00	
2		 S 		16:00:00	16:00:00	0		 N 		16:00:00	16:00:00	16:00:00	
1		 N 		16:00:00	16:00:00	0		 N 		16:00:00	16:00:00	16:00:00	
1		 N 		16:00:00	16:00:00	16:00:00	
2		 S 		16:00:00	16:00:00	0		 S 		16:00:00	16:00:00	16:00:00	
1		 S 		16:00:00	16:00:00	16:00:00	
2		 S 		16:00:00	16:00:00	0		 N 		16:00:00	16:00:00	16:00:00	
1		 S 		16:00:00	16:00:00	16:00:00	
0		 N 		16:00:00	16:00:00	16:00:00	
1		 N 		16:00:00	16:00:00	16:00:00	
2		 N 		16:00:00	16:00:00	16:00:00	
3		 N 		16:00:00	16:00:00	16:00:00	
4		 N 		16:00:00	16:00:00	16:00:00	
5		 N 		16:00:00	16:00:00	16:00:00	
6		 N 		16:00:00	16:00:00	16:00:00	
7		 S 		16:00:00	16:00:00	16:00:00	
8		 S 		16:00:00	16:00:00	16:00:00	
9		 S 		16:00:00	16:00:00	16:00:00	
10		 S 		16:00:00	16:00:00	16:00:00	
11		 S 		16:00:00	16:00:00	16:00:00	
12		 S 		16:00:00	16:00:00	16:00:00	
13		 S 		16:00:00	16:00:00	16:00:00	
14		 N 		16:00:00	16:00:00	16:00:00	
15		 N 		16:00:00	16:00:00	0		 N 		16:00:00	16:00:00	16:00:00	
1		 N 		16:00:00	16:00:00	16:00:00	
2		 S 		16:00:00	16:00:00	0		 N 		16:00:00	16:00:00	16:00:00	
1		 N 		16:00:00	16:00:00	16:00:00	
2		 N 		16:00:00	16:00:00	16:00:00	
3		 N 		16:00:00	16:00:00	16:00:00	
4		 N 		16:00:00	16:00:00	16:00:00	
5		 N 		16:00:00	16:00:00	16:00:00	
6		 N 		16:00:00	16:00:00	16:00:00	
7		 S 		16:00:00	16:00:00	16:00:00	
8		 N 		16:00:00	16:00:00	16:00:00	
9		 S 		16:00:00	16:00:00	16:00:00	
10		 S 		16:00:00	16:00:00	16:00:00	
11		 S 		16:00:00	16:00:00	16:00:00	
12		 S 		16:00:00	16:00:00	16:00:00	
13		 S 		16:00:00	16:00:00	16:00:00	
14		 S 		16:00:00	16:00:00	16:00:00	
15		 S 		16:00:00	16:00:00	16:00:00	
16		 S 		16:00:00	16:00:00	16:00:00	
17		 S 		16:00:00	16:00:00	16:00:00	
18		 S 		16:00:00	16:00:00	16:00:00	
19		 S 		16:00:00	16:00:00	16:00:00	
20		 S 		16:00:00	16:00:00	16:00:00	
21		 S 		16:00:00	16:00:00	0		 N 		16:00:00	16:00:00	16:00:00	
1		 N 		16:00:00	16:00:00	16:00:00	
2		 N 		16:00:00	16:00:00	16:00:00	
3		 N 		16:00:00	16:00:00	16:00:00	
4		 N 		16:00:00	16:00:00	16:00:00	
5		 N 		16:00:00	16:00:00	16:00:00	
6		 N 		16:00:00	16:00:00	16:00:00	
7		 S 		16:00:00	16:00:00	16:00:00	
8		 S 		16:00:00	16:00:00	16:00:00	
9		 S 		16:00:00	16:00:00	16:00:00	
10		 S 		16:00:00	16:00:00	16:00:00	
11		 S 		16:00:00	16:00:00	16:00:00	
12		 S 		16:00:00	16:00:00	16:00:00	
13		 S 		16:00:00	16:00:00	16:00:00	
0		 N 		16:00:00	16:00:00	16:00:00	
1		 S 		16:00:00	16:00:00	16:00:00	
0		 N 		16:00:00	16:00:00	16:00:00	
1		 N 		16:00:00	16:00:00	16:00:00	
2		 N 		16:00:00	16:00:00	16:00:00	
3		 N 		16:00:00	16:00:00	16:00:00	
4		 N 		16:00:00	16:00:00	16:00:00	
5		 N 		16:00:00	16:00:00	16:00:00	
6		 S 		16:00:00	16:00:00	16:00:00	
7		 S 		16:00:00	16:00:00	16:00:00	
8		 S 		16:00:00	16:00:00	16:00:00	
9		 S 		16:00:00	16:00:00	16:00:00	
10		 S 		16:00:00	16:00:00	16:00:00	
11		 N 		16:00:00	16:00:00	16:00:00	
12		 S 		16:00:00	16:00:00	16:00:00	
13		 N 		16:00:00	16:00:00	16:00:00	
14		 N 		16:00:00	16:00:00	16:00:00	
15		 N 		16:00:00	16:00:00	16:00:00	
16		 N 		16:00:00	16:00:00	16:00:00	
17		 S 		16:00:00	16:00:00	16:00:00	
18		 S 		16:00:00	16:00:00	16:00:00	
19		 S 		16:00:00	16:00:00	16:00:00	
20		 S 		16:00:00	16:00:00	16:00:00	
21		 N 		16:00:00	16:00:00	16:00:00	
22		 S 		16:00:00	16:00:00	16:00:00	
23		 N 		16:00:00	16:00:00	16:00:00	
24		 S 		16:00:00	16:00:00	16:00:00	
25		 S 		16:00:00	16:00:00	16:00:00	
26		 S 		16:00:00	16:00:00	16:00:00	
27		 S 		16:00:00	16:00:00	16:00:00	
28		 S 		16:00:00	16:00:00	16:00:00	
29		 S 		16:00:00	16:00:00	16:00:00	
30		 S 		16:00:00	16:00:00	16:00:00	
31		 S 		16:00:00	16:00:00	16:00:00	
32		 S 		16:00:00	16:00:00	16:00:00	
33		 S 		16:00:00	16:00:00	16:00:00	
34		 N 		16:00:00	16:00:00	16:00:00	
35		 N 		16:00:00	16:00:00	16:00:00	
36		 N 		16:00:00	16:00:00	16:00:00	
37		 N 		16:00:00	16:00:00	16:00:00	
38		 N 		16:00:00	16:00:00	16:00:00	
39		 N 		16:00:00	16:00:00	16:00:00	
40		 N 		16:00:00	16:00:00	16:00:00	
0		 N 		16:00:00	16:00:00	16:00:00	
1		 S 		16:00:00	16:00:00	16:00:00	
0		 N 		16:00:00	16:00:00	16:00:00	
1		 N 		16:00:00	16:00:00	16:00:00	
2		 N 		16:00:00	16:00:00	16:00:00	
3		 N 		16:00:00	16:00:00	16:00:00	
4		 N 		16:00:00	16:00:00	0		 N 		16:00:00	16:00:00	0		 N 		16:00:00	16:00:00	16:00:00	
1		 N 		16:00:00	16:00:00	16:00:00	
2		 N 		16:00:00	16:00:00	0		 N 		16:00:00	16:00:00	16:00:00	
1		 N 		16:00:00	16:00:00	16:00:00	
2		 S 		16:00:00	16:00:00	16:00:00	
3		 S 		16:00:00	16:00:00	16:00:00	
4		 N 		16:00:00	16:00:00	16:00:00	
5		 S 		16:00:00	16:00:00	16:00:00	
0		 N 		16:00:00	16:00:00	16:00:00	
1		 N 		16:00:00	16:00:00	16:00:00	
2		 N 		16:00:00	16:00:00	16:00:00	
3		 S 		16:00:00	16:00:00	16:00:00	
4		 S 		16:00:00	16:00:00	16:00:00	
5		 S 		16:00:00	16:00:00	16:00:00	
6		 N 		16:00:00	16:00:00	16:00:00	
7		 S 		16:00:00	16:00:00	16:00:00	
8		 N 		16:00:00	16:00:00	16:00:00	
9		 N 		16:00:00	16:00:00	16:00:00	
10		 S 		16:00:00	16:00:00	16:00:00	
11		 S 		16:00:00	16:00:00	16:00:00	
0		 N 		Sun Feb 17 20:51:47 2019
	Sun Feb 17 20:52:06 2019
	Sun Feb 17 20:52:07 2019
	
1		 S 		Sun Feb 17 20:51:47 2019
	Sun Feb 17 20:52:07 2019
	Sun Feb 17 20:52:08 2019
	
2		 S 		Sun Feb 17 20:51:47 2019
	Sun Feb 17 20:52:08 2019
	Sun Feb 17 20:52:09 2019
	
3		 S 		Sun Feb 17 20:51:47 2019
	Sun Feb 17 20:52:09 2019
	Sun Feb 17 20:52:10 2019
	
4		 S 		Sun Feb 17 20:51:47 2019
	Sun Feb 17 20:52:10 2019
	Sun Feb 17 20:52:11 2019
	
5		 S 		Sun Feb 17 20:51:47 2019
	Sun Feb 17 20:52:11 2019
	Sun Feb 17 20:52:12 2019
	
6		 S 		Sun Feb 17 20:51:47 2019
	Sun Feb 17 20:52:12 2019
	Sun Feb 17 20:52:14 2019
	
7		 S 		Sun Feb 17 20:51:47 2019
	Sun Feb 17 20:52:14 2019
	Sun Feb 17 20:52:16 2019
	
8		 S 		Sun Feb 17 20:51:47 2019
	Sun Feb 17 20:52:16 2019
	Sun Feb 17 20:52:17 2019
	
9		 S 		Sun Feb 17 20:51:47 2019
	Sun Feb 17 20:52:17 2019
	Sun Feb 17 20:52:18 2019
	
10		 S 		Sun Feb 17 20:51:47 2019
	Sun Feb 17 20:52:18 2019
	Sun Feb 17 20:52:19 2019
	
11		 S 		Sun Feb 17 20:51:47 2019
	Sun Feb 17 20:52:19 2019
	Sun Feb 17 20:52:20 2019
	
12		 S 		Sun Feb 17 20:51:47 2019
	Sun Feb 17 20:52:20 2019
	Sun Feb 17 20:52:21 2019
	
13		 N 		Sun Feb 17 20:51:47 2019
	Sun Feb 17 20:52:21 2019
	Sun Feb 17 20:52:22 2019
	
14		 N 		Sun Feb 17 20:52:25 2019
	Sun Feb 17 20:52:44 2019
	Sun Feb 17 20:52:45 2019
	
15		 N 		Sun Feb 17 20:52:25 2019
	Sun Feb 17 20:52:45 2019
	Sun Feb 17 20:52:46 2019
	
16		 S 		Sun Feb 17 20:52:25 2019
	Sun Feb 17 20:52:46 2019
	Sun Feb 17 20:52:47 2019
	
17		 S 		Sun Feb 17 20:52:25 2019
	Sun Feb 17 20:52:47 2019
	Sun Feb 17 20:52:48 2019
	
18		 S 		Sun Feb 17 20:52:25 2019
	Sun Feb 17 20:52:48 2019
	Sun Feb 17 20:52:49 2019
	
19		 S 		Sun Feb 17 20:52:25 2019
	Sun Feb 17 20:52:49 2019
	Sun Feb 17 20:52:50 2019
	
20		 S 		Sun Feb 17 20:52:25 2019
	Sun Feb 17 20:52:50 2019
	Sun Feb 17 20:52:51 2019
	
21		 S 		Sun Feb 17 20:52:25 2019
	Sun Feb 17 20:52:51 2019
	Sun Feb 17 20:52:52 2019
	
22		 S 		Sun Feb 17 20:52:25 2019
	Sun Feb 17 20:52:52 2019
	Sun Feb 17 20:52:53 2019
	
CarID 	 Direction 	 Arrival-Time 	 Start-Time 	 End-Time
0		 N 		Sun Feb 17 21:02:23 2019
	Sun Feb 17 21:02:23 2019
	Sun Feb 17 21:02:24 2019
	
1		 N 		Sun Feb 17 21:02:23 2019
	Sun Feb 17 21:02:24 2019
	Sun Feb 17 21:02:25 2019
	
2		 N 		Sun Feb 17 21:02:23 2019
	Sun Feb 17 21:02:25 2019
	Sun Feb 17 21:02:26 2019
	
3		 N 		Sun Feb 17 21:02:23 2019
	Sun Feb 17 21:02:26 2019
	Sun Feb 17 21:02:27 2019
	
4		 N 		Sun Feb 17 21:02:23 2019
	Sun Feb 17 21:02:27 2019
	Sun Feb 17 21:02:28 2019
	
5		 N 		Sun Feb 17 21:02:23 2019
	Sun Feb 17 21:02:28 2019
	Sun Feb 17 21:02:29 2019
	
6		 N 		Sun Feb 17 21:02:23 2019
	Sun Feb 17 21:02:29 2019
	Sun Feb 17 21:02:30 2019
	
7		 S 		Sun Feb 17 21:02:23 2019
	Sun Feb 17 21:02:30 2019
	Sun Feb 17 21:02:31 2019
	
8		 S 		Sun Feb 17 21:02:23 2019
	Sun Feb 17 21:02:31 2019
	Sun Feb 17 21:02:32 2019
	
9		 S 		Sun Feb 17 21:02:23 2019
	Sun Feb 17 21:02:32 2019
	Sun Feb 17 21:02:33 2019
	
10		 S 		Sun Feb 17 21:02:23 2019
	Sun Feb 17 21:02:33 2019
	Sun Feb 17 21:02:34 2019
	
11		 S 		Sun Feb 17 21:02:23 2019
	Sun Feb 17 21:02:34 2019
	Sun Feb 17 21:02:35 2019
	
12		 S 		Sun Feb 17 21:02:23 2019
	Sun Feb 17 21:02:35 2019
	Sun Feb 17 21:02:36 2019
	
13		 S 		Sun Feb 17 21:02:23 2019
	Sun Feb 17 21:02:36 2019
	Sun Feb 17 21:02:37 2019
	
14		 N 		Sun Feb 17 21:02:42 2019
	Sun Feb 17 21:02:42 2019
	Sun Feb 17 21:02:43 2019
	
15		 S 		Sun Feb 17 21:02:42 2019
	Sun Feb 17 21:02:43 2019
	Sun Feb 17 21:02:44 2019
	
CarID 	 Direction 	 Arrival-Time 	 Start-Time 	 End-Time
0		 N 		Sun Feb 17 21:06:37 2019
	Sun Feb 17 21:06:37 2019
	Sun Feb 17 21:06:38 2019
	
1		 N 		Sun Feb 17 21:06:37 2019
	Sun Feb 17 21:06:38 2019
	Sun Feb 17 21:06:39 2019
	
2		 N 		Sun Feb 17 21:06:37 2019
	Sun Feb 17 21:06:39 2019
	Sun Feb 17 21:06:40 2019
	
3		 N 		Sun Feb 17 21:06:37 2019
	Sun Feb 17 21:06:40 2019
	Sun Feb 17 21:06:41 2019
	
4		 S 		Sun Feb 17 21:06:37 2019
	Sun Feb 17 21:06:41 2019
	Sun Feb 17 21:06:42 2019
	
5		 S 		Sun Feb 17 21:06:37 2019
	Sun Feb 17 21:06:42 2019
	Sun Feb 17 21:06:43 2019
	
6		 S 		Sun Feb 17 21:06:37 2019
	Sun Feb 17 21:06:43 2019
	Sun Feb 17 21:06:44 2019
	
7		 S 		Sun Feb 17 21:06:37 2019
	Sun Feb 17 21:06:44 2019
	Sun Feb 17 21:06:45 2019
	
CarID 	 Direction 	 Arrival-Time 	 Start-Time 	 End-Time
0		 N 		Sun Feb 17 21:09:03 2019
	Sun Feb 17 21:09:03 2019
	Sun Feb 17 21:09:04 2019
	
1		 N 		Sun Feb 17 21:09:03 2019
	Sun Feb 17 21:09:04 2019
	Sun Feb 17 21:09:05 2019
	
2		 N 		Sun Feb 17 21:09:03 2019
	Sun Feb 17 21:09:05 2019
	Sun Feb 17 21:09:06 2019
	
3		 S 		Sun Feb 17 21:09:03 2019
	Sun Feb 17 21:09:06 2019
	Sun Feb 17 21:09:07 2019
	
4		 S 		Sun Feb 17 21:09:03 2019
	Sun Feb 17 21:09:07 2019
	Sun Feb 17 21:09:08 2019
	
5		 S 		Sun Feb 17 21:09:03 2019
	Sun Feb 17 21:09:08 2019
	Sun Feb 17 21:09:09 2019
	
CarID 	 Direction 	 Arrival-Time 	 Start-Time 	 End-Time
CarID 	 Direction 	 Arrival-Time 	 Start-Time 	 End-Time
0		 N 		c	c	c	
1		 N 		c	c	c	
2		 N 		c	c	c	
3		 N 		c	c	c	
4		 N 		c	c	c	
5		 N 		c	c	c	
6		 N 		c	c	c	
7		 S 		c	c	c	
8		 S 		c	c	c	
9		 S 		c	c	c	
10		 S 		c	c	c	
11		 S 		c	c	c	
12		 S 		c	c	c	
13		 S 		c	c	c	
14		 N 		c	c	CarID 	 Direction 	 Arrival-Time 	 Start-Time 	 End-Time
CarID 	 Direction 	 Arrival-Time 	 Start-Time 	 End-Time
0		 N 		c	c	c	
1		 N 		c	c	c	
2		 N 		c	c	c	
3		 N 		c	c	c	
4		 N 		c	c	c	
5		 N 		c	c	c	
6		 S 		c	c	c	
7		 S 		c	c	c	
8		 S 		c	c	c	
9		 S 		c	c	c	
10		 S 		c	c	c	
11		 S 		c	c	c	
CarID 	 Direction 	 Arrival-Time 	 Start-Time 	 End-Time
CarID 	 Direction 	 Arrival-Time 	 Start-Time 	 End-Time
0		 N 		c	c	c	
1		 N 		c	c	c	
2		 S 		c	c	c	
3		 S 		c	c	c	
CarID 	 Direction 	 Arrival-Time 	 Start-Time 	 End-Time
0		 N 		c	c	CarID 	 Direction 	 Arrival-Time 	 Start-Time 	 End-Time
0		 N 		c	c	c	
1		 N 		c	c	c	
2		 N 		c	c	c	
3		 N 		c	c	c	
4		 N 		c	c	c	
5		 S 		c	c	c	
6		 S 		c	c	c	
7		 S 		c	c	c	
8		 S 		c	c	c	
9		 S 		c	c	c	
CarID 	 Direction 	 Arrival-Time 	 Start-Time 	 End-Time
0		 N 		Sun Feb 17 21:42:41 2019
	Sun Feb 17 21:42:41 2019
	Sun Feb 17 21:42:42 2019
	
1		 S 		Sun Feb 17 21:42:41 2019
	Sun Feb 17 21:42:42 2019
	Sun Feb 17 21:42:43 2019
	
CarID 	 Direction 	 Arrival-Time 	 Start-Time 	 End-Time
0		 N 		Sun Feb 17 21:42:47 2019
	Sun Feb 17 21:42:47 2019
	Sun Feb 17 21:42:48 2019
	
1		 S 		Sun Feb 17 21:42:47 2019
	Sun Feb 17 21:42:48 2019
	Sun Feb 17 21:42:49 2019
	
CarID 	 Direction 	 Arrival-Time 	 Start-Time 	 End-Time
0		 N 		Sun Feb 17 21:42:53 2019
	Sun Feb 17 21:42:53 2019
	Sun Feb 17 21:42:54 2019
	
1		 S 		Sun Feb 17 21:42:53 2019
	Sun Feb 17 21:42:54 2019
	Sun Feb 17 21:42:55 2019
	
CarID 	 Direction 	 Arrival-Time 	 Start-Time 	 End-Time
CarID 	 Direction 	 Arrival-Time 	 Start-Time 	 End-Time
0		 N 		Sun Feb 17 21:43:05 2019
	Sun Feb 17 21:43:05 2019
	Sun Feb 17 21:43:06 2019
	
1		 S 		Sun Feb 17 21:43:05 2019
	Sun Feb 17 21:43:06 2019
	Sun Feb 17 21:43:07 2019
	
2		 N 		Sun Feb 17 21:43:43 2019
	Sun Feb 17 21:43:43 2019
	Sun Feb 17 21:43:44 2019
	
3		 N 		Sun Feb 17 21:43:43 2019
	Sun Feb 17 21:43:44 2019
	Sun Feb 17 21:43:45 2019
	
4		 N 		Sun Feb 17 21:43:43 2019
	Sun Feb 17 21:43:45 2019
	Sun Feb 17 21:43:46 2019
	
5		 N 		Sun Feb 17 21:43:43 2019
	Sun Feb 17 21:43:46 2019
	Sun Feb 17 21:43:47 2019
	
6		 N 		Sun Feb 17 21:43:43 2019
	Sun Feb 17 21:43:47 2019
	Sun Feb 17 21:43:48 2019
	
7		 N 		Sun Feb 17 21:43:43 2019
	Sun Feb 17 21:43:48 2019
	Sun Feb 17 21:43:49 2019
	
8		 S 		Sun Feb 17 21:43:43 2019
	Sun Feb 17 21:43:49 2019
	Sun Feb 17 21:43:50 2019
	
9		 S 		Sun Feb 17 21:43:43 2019
	Sun Feb 17 21:43:50 2019
	Sun Feb 17 21:43:51 2019
	
10		 S 		Sun Feb 17 21:43:43 2019
	Sun Feb 17 21:43:51 2019
	Sun Feb 17 21:43:52 2019
	
11		 S 		Sun Feb 17 21:43:43 2019
	Sun Feb 17 21:43:52 2019
	Sun Feb 17 21:43:53 2019
	
12		 S 		Sun Feb 17 21:43:43 2019
	Sun Feb 17 21:43:53 2019
	Sun Feb 17 21:43:54 2019
	
13		 S 		Sun Feb 17 21:43:43 2019
	Sun Feb 17 21:43:54 2019
	Sun Feb 17 21:43:55 2019
	
14		 N 		Sun Feb 17 21:44:02 2019
	Sun Feb 17 21:44:02 2019
	Sun Feb 17 21:44:03 2019
	
15		 S 		Sun Feb 17 21:44:02 2019
	Sun Feb 17 21:44:03 2019
	Sun Feb 17 21:44:04 2019
	
16		 N 		Sun Feb 17 21:44:21 2019
	Sun Feb 17 21:44:21 2019
	Sun Feb 17 21:44:22 2019
	
17		 N 		Sun Feb 17 21:44:21 2019
	Sun Feb 17 21:44:22 2019
	Sun Feb 17 21:44:23 2019
	
18		 N 		Sun Feb 17 21:44:21 2019
	Sun Feb 17 21:44:23 2019
	Sun Feb 17 21:44:24 2019
	
19		 N 		Sun Feb 17 21:44:21 2019
	Sun Feb 17 21:44:24 2019
	Sun Feb 17 21:44:25 2019
	
20		 N 		Sun Feb 17 21:44:21 2019
	Sun Feb 17 21:44:25 2019
	Sun Feb 17 21:44:26 2019
	
21		 N 		Sun Feb 17 21:44:21 2019
	Sun Feb 17 21:44:26 2019
	Sun Feb 17 21:44:27 2019
	
22		 N 		Sun Feb 17 21:44:21 2019
	Sun Feb 17 21:44:27 2019
	Sun Feb 17 21:44:28 2019
	
23		 S 		Sun Feb 17 21:44:21 2019
	Sun Feb 17 21:44:28 2019
	Sun Feb 17 21:44:29 2019
	
24		 S 		Sun Feb 17 21:44:21 2019
	Sun Feb 17 21:44:29 2019
	Sun Feb 17 21:44:30 2019
	
25		 S 		Sun Feb 17 21:44:21 2019
	Sun Feb 17 21:44:30 2019
	Sun Feb 17 21:44:31 2019
	
26		 S 		Sun Feb 17 21:44:21 2019
	Sun Feb 17 21:44:31 2019
	Sun Feb 17 21:44:32 2019
	
27		 S 		Sun Feb 17 21:44:21 2019
	Sun Feb 17 21:44:32 2019
	Sun Feb 17 21:44:33 2019
	
28		 S 		Sun Feb 17 21:44:21 2019
	Sun Feb 17 21:44:33 2019
	Sun Feb 17 21:44:34 2019
	
29		 S 		Sun Feb 17 21:44:21 2019
	Sun Feb 17 21:44:34 2019
	Sun Feb 17 21:44:35 2019
	
30		 N 		Sun Feb 17 21:44:40 2019
	Sun Feb 17 21:44:40 2019
	Sun Feb 17 21:44:41 2019
	
31		 N 		Sun Feb 17 21:44:40 2019
	Sun Feb 17 21:44:41 2019
	Sun Feb 17 21:44:42 2019
	
32		 N 		Sun Feb 17 21:44:40 2019
	Sun Feb 17 21:44:42 2019
	Sun Feb 17 21:44:43 2019
	
33		 S 		Sun Feb 17 21:44:40 2019
	Sun Feb 17 21:44:43 2019
	Sun Feb 17 21:44:44 2019
	
34		 S 		Sun Feb 17 21:44:40 2019
	Sun Feb 17 21:44:44 2019
	Sun Feb 17 21:44:45 2019
	
35		 S 		Sun Feb 17 21:44:40 2019
	Sun Feb 17 21:44:45 2019
	Sun Feb 17 21:44:46 2019
	
CarID 	 Direction 	 Arrival-Time 	 Start-Time 	 End-Time
0		 N 	Sun Feb 17 21:50:30 2019
	Sun Feb 17 21:50:30 2019
	CarID 	 Direction 	 Arrival-Time 	 Start-Time 	 End-Time
0		 N 	Sun Feb 17 21:50:32 2019
	Sun Feb 17 21:50:32 2019
	Sun Feb 17 21:50:33 2019
	
1		 S 	Sun Feb 17 21:50:32 2019
	Sun Feb 17 21:50:33 2019
	Sun Feb 17 21:50:34 2019
	
2		 N 	Sun Feb 17 21:50:51 2019
	Sun Feb 17 21:50:51 2019
	Sun Feb 17 21:50:52 2019
	
3		 N 	Sun Feb 17 21:50:51 2019
	Sun Feb 17 21:50:52 2019
	Sun Feb 17 21:50:53 2019
	
4		 N 	Sun Feb 17 21:50:51 2019
	Sun Feb 17 21:50:53 2019
	Sun Feb 17 21:50:54 2019
	
5		 N 	Sun Feb 17 21:50:51 2019
	Sun Feb 17 21:50:54 2019
	Sun Feb 17 21:50:55 2019
	
6		 S 	Sun Feb 17 21:50:51 2019
	Sun Feb 17 21:50:55 2019
	Sun Feb 17 21:50:56 2019
	
7		 S 	Sun Feb 17 21:50:51 2019
	Sun Feb 17 21:50:56 2019
	Sun Feb 17 21:50:57 2019
	
8		 S 	Sun Feb 17 21:50:51 2019
	Sun Feb 17 21:50:57 2019
	Sun Feb 17 21:50:58 2019
	
9		 S 	Sun Feb 17 21:50:51 2019
	Sun Feb 17 21:50:58 2019
	Sun Feb 17 21:50:59 2019
	
CarID 	 Direction 	 Arrival-Time 	 Start-Time 	 End-Time
CarID 	 Direction 	 Arrival-Time 	 Start-Time 	 End-Time
0		 N 	21:55:51	21:55:52	21:55:53	
1		 N 	21:55:51	21:55:53	21:55:54	
2		 N 	21:55:51	21:55:54	21:55:55	
3		 S 	21:55:51	21:55:55	21:55:56	
4		 S 	21:55:51	21:55:56	21:55:57	
CarID 	 Direction 	 Arrival-Time 	 Start-Time 	 End-Time
0		 N 	21:57:22	21:57:22	21:57:24	
1		 N 	21:57:22	21:57:24	21:57:26	
2		 N 	21:57:22	21:57:26	21:57:27	
3		 S 	21:57:22	21:57:27	21:57:28	
4		 S 	21:57:22	21:57:28	21:57:29	
5		 S 	21:57:22	21:57:29	21:57:30	
CarID 	 Direction 	 Arrival-Time 	 Start-Time 	 End-Time
0		 N 	21:58:20	21:58:20	21:58:21	
1		 N 	21:58:20	21:58:21	21:58:22	
2		 S 	21:58:20	21:58:22	21:58:23	
3		 S 	21:58:20	21:58:23	21:58:24	
4		 N 	21:59:17	21:59:18	21:59:19	
5		 S 	21:59:17	21:59:19	21:59:20	
6		 S 	21:59:17	21:59:20	21:59:22	
7		 S 	21:59:17	21:59:22	21:59:24	
8		 S 	21:59:17	21:59:24	21:59:25	
9		 S 	21:59:17	21:59:25	21:59:26	
10		 S 	21:59:17	21:59:26	21:59:27	
11		 S 	21:59:17	21:59:27	21:59:28	
12		 S 	21:59:17	21:59:28	21:59:29	
13		 S 	21:59:17	21:59:29	21:59:30	
14		 S 	21:59:17	21:59:30	21:59:31	
15		 N 	21:59:17	21:59:31	21:59:32	
16		 N 	21:59:17	21:59:32	21:59:33	
17		 N 	21:59:17	21:59:33	21:59:34	
18		 N 	21:59:17	21:59:34	21:59:35	
19		 N 	21:59:17	21:59:35	21:59:36	
20		 N 	21:59:17	21:59:36	21:59:37	
21		 S 	21:59:17	21:59:37	21:59:38	
22		 N 	21:59:17	21:59:38	21:59:39	
23		 S 	21:59:17	21:59:39	21:59:40	
24		 N 	21:59:17	21:59:40	21:59:41	
25		 S 	21:59:17	21:59:41	21:59:42	
26		 N 	21:59:17	21:59:42	21:59:43	
27		 N 	21:59:17	21:59:43	21:59:44	
28		 N 	21:59:17	21:59:44	21:59:45	
29		 N 	21:59:17	21:59:45	21:59:46	
30		 N 	21:59:17	21:59:46	21:59:47	
31		 N 	21:59:17	21:59:47	21:59:48	
32		 N 	21:59:17	21:59:48	21:59:49	
33		 N 	21:59:17	21:59:49	21:59:50	
34		 N 	21:59:17	21:59:50	21:59:51	
35		 N 	21:59:17	21:59:51	21:59:52	
36		 N 	21:59:17	21:59:52	21:59:53	
37		 N 	21:59:17	21:59:53	21:59:54	
38		 N 	21:59:17	21:59:54	21:59:55	
39		 S 	21:59:17	21:59:55	21:59:57	
40		 S 	21:59:17	21:59:57	21:59:59	
CarID 	 Direction 	 Arrival-Time 	 Start-Time 	 End-Time
CarID 	 Direction 	 Arrival-Time 	 Start-Time 	 End-Time
0		 N 	22:06:52	22:06:52	22:06:53	
1		 S 	22:06:52	22:06:53	22:06:54	
2		 S 	22:06:52	22:06:54	22:06:55	
3		 S 	22:06:52	22:06:55	22:06:56	
4		 S 	22:06:52	22:06:56	22:06:57	
5		 S 	22:06:52	22:06:57	22:06:58	
6		 S 	22:06:52	22:06:58	22:07:00	
7		 S 	22:06:52	22:07:00	22:07:02	
8		 S 	22:06:52	22:07:02	22:07:04	
9		 S 	22:06:52	22:07:04	22:07:05	
10		 S 	22:06:52	22:07:05	22:07:06	
11		 N 	22:06:52	22:07:06	22:07:07	
12		 N 	22:06:52	22:07:07	22:07:08	
13		 N 	22:06:52	22:07:08	22:07:09	
14		 N 	22:06:52	22:07:09	22:07:10	
15		 N 	22:06:52	22:07:10	22:07:11	
16		 N 	22:06:52	22:07:11	22:07:13	
17		 S 	22:06:52	22:07:13	22:07:14	
18		 N 	22:06:52	22:07:14	22:07:15	
19		 S 	22:06:52	22:07:15	22:07:16	
20		 N 	22:06:52	22:07:16	22:07:17	
21		 S 	22:06:52	22:07:17	CarID 	 Direction 	 Arrival-Time 	 Start-Time 	 End-Time
0		 N 	22:07:40	22:07:40	22:07:41	
1		 N 	22:07:40	22:07:41	22:07:42	
2		 N 	22:07:40	22:07:42	22:07:43	
3		 N 	22:07:40	22:07:43	22:07:44	
4		 N 	22:07:40	22:07:44	22:07:45	
5		 N 	22:07:40	22:07:45	22:07:46	
6		 N 	22:07:40	22:07:46	22:07:47	
7		 S 	22:07:40	22:07:47	22:07:48	
8		 S 	22:07:40	22:07:48	22:07:49	
9		 S 	22:07:40	22:07:49	22:07:50	
10		 S 	22:07:40	22:07:50	22:07:52	
11		 S 	22:07:40	22:07:52	22:07:54	
12		 S 	22:07:40	22:07:54	22:07:55	
13		 S 	22:07:40	22:07:55	22:07:57	
14		 N 	22:08:18	22:08:18	22:08:19	
15		 S 	22:08:18	22:08:19	22:08:20	
16		 S 	22:08:18	22:08:20	22:08:21	
17		 S 	22:08:18	22:08:21	22:08:22	
18		 S 	22:08:18	22:08:22	22:08:23	
19		 S 	22:08:18	22:08:23	22:08:24	
20		 S 	22:08:18	22:08:24	22:08:25	
21		 S 	22:08:18	22:08:25	22:08:26	
22		 S 	22:08:18	22:08:26	22:08:27	
23		 S 	22:08:18	22:08:27	22:08:28	
24		 S 	22:08:18	22:08:28	22:08:29	
25		 N 	22:08:18	22:08:29	22:08:30	
26		 N 	22:08:18	22:08:30	22:08:31	
27		 N 	22:08:18	22:08:31	22:08:32	
28		 N 	22:08:18	22:08:32	22:08:33	
29		 N 	22:08:18	22:08:33	22:08:34	
30		 N 	22:08:18	22:08:34	22:08:35	
31		 N 	22:08:18	22:08:35	22:08:36	
32		 N 	22:08:18	22:08:36	22:08:37	
33		 N 	22:08:18	22:08:37	22:08:38	
34		 N 	22:08:18	22:08:38	22:08:39	
35		 S 	22:08:18	22:08:39	22:08:40	
CarID 	 Direction 	 Arrival-Time 	 Start-Time 	 End-Time
CarID 	 Direction 	 Arrival-Time 	 Start-Time 	 End-Time
CarID 	 Direction 	 Arrival-Time 	 Start-Time 	 End-Time
CarID 	 Direction 	 Arrival-Time 	 Start-Time 	 End-Time
0		 N 	22:47:59	22:47:59	22:48:00	
1		 S 	22:47:59	22:48:00	22:48:01	
2		 N 	22:48:37	22:48:38	22:48:39	
3		 N 	22:48:37	22:48:39	22:48:40	
4		 N 	22:48:37	22:48:40	22:48:41	
5		 N 	22:48:37	22:48:41	22:48:42	
6		 N 	22:48:37	22:48:42	22:48:43	
7		 N 	22:48:37	22:48:43	22:48:44	
8		 N 	22:48:37	22:48:44	22:48:45	
9		 N 	22:48:37	22:48:45	22:48:46	
10		 N 	22:48:37	22:48:46	22:48:47	
11		 S 	22:48:37	22:48:47	22:48:48	
12		 S 	22:48:37	22:48:48	22:48:49	
13		 S 	22:48:37	22:48:49	22:48:50	
14		 S 	22:48:37	22:48:50	22:48:51	
15		 S 	22:48:37	22:48:51	22:48:52	
16		 S 	22:48:37	22:48:52	22:48:53	
17		 S 	22:48:37	22:48:53	22:48:54	
18		 S 	22:48:37	22:48:54	22:48:55	
19		 S 	22:48:37	22:48:55	22:48:56	
20		 N 	22:48:57	22:48:57	22:48:58	
21		 N 	22:48:57	22:48:58	22:48:59	
22		 N 	22:48:57	22:48:59	22:49:00	
23		 N 	22:48:57	22:49:00	22:49:01	
24		 N 	22:48:57	22:49:01	CarID 	 Direction 	 Arrival-Time 	 Start-Time 	 End-Time
CarID 	 Direction 	 Arrival-Time 	 Start-Time 	 End-Time
0		 N 	22:53:52	22:53:52	22:53:53	
1		 S 	22:53:52	22:53:53	22:53:54	
2		 N 	22:54:11	22:54:11	22:54:12	
3		 S 	22:54:11	22:54:12	22:54:13	
4		 N 	22:54:30	22:54:30	22:54:31	
5		 N 	22:54:30	22:54:31	22:54:32	
6		 N 	22:54:30	22:54:32	22:54:33	
7		 N 	22:54:30	22:54:33	22:54:34	
8		 N 	22:54:30	22:54:34	22:54:35	
9		 N 	22:54:30	22:54:35	22:54:36	
10		 S 	22:54:30	22:54:36	22:54:37	
11		 S 	22:54:30	22:54:37	22:54:38	
12		 S 	22:54:30	22:54:38	22:54:39	
13		 S 	22:54:30	22:54:39	22:54:40	
14		 S 	22:54:30	22:54:40	22:54:41	
15		 S 	22:54:30	22:54:41	22:54:42	
CarID 	 Direction 	 Arrival-Time 	 Start-Time 	 End-Time
0		 N 	22:56:18	22:56:18	22:56:20	
1		 N 	22:56:18	22:56:20	22:56:21	
2		 N 	22:56:18	22:56:21	22:56:22	
3		 N 	22:56:18	22:56:22	22:56:23	
4		 S 	22:56:18	22:56:23	22:56:24	
5		 S 	22:56:18	22:56:24	22:56:25	
6		 S 	22:56:18	22:56:25	22:56:26	
7		 S 	22:56:18	22:56:26	22:56:27	
8		 N 	22:56:37	22:56:37	22:56:38	
9		 N 	22:56:37	22:56:38	22:56:39	
10		 N 	22:56:37	22:56:39	22:56:40	
11		 N 	22:56:37	22:56:40	22:56:41	
12		 S 	22:56:37	22:56:41	22:56:42	
13		 S 	22:56:37	22:56:42	22:56:43	
14		 S 	22:56:37	22:56:43	22:56:44	
15		 S 	22:56:37	22:56:44	22:56:45	
CarID 	 Direction 	 Arrival-Time 	 Start-Time 	 End-Time
0		 N 	10:59:00	10:59:00	10:59:01	
1		 N 	10:59:00	10:59:01	10:59:02	
2		 N 	10:59:00	10:59:02	10:59:03	
3		 N 	10:59:00	10:59:03	10:59:04	
4		 N 	10:59:00	10:59:04	10:59:05	
5		 S 	10:59:00	10:59:05	10:59:06	
6		 S 	10:59:00	10:59:06	10:59:07	
7		 S 	10:59:00	10:59:07	10:59:08	
8		 S 	10:59:00	10:59:08	10:59:09	
9		 S 	10:59:00	10:59:09	10:59:10	
CarID 	 Direction 	 Arrival-Time 	 Start-Time 	 End-Time
0		 N 	10:59:15	10:59:15	10:59:17	
1		 N 	10:59:15	10:59:17	10:59:18	
2		 S 	10:59:15	10:59:19	CarID 	 Direction 	 Arrival-Time 	 Start-Time 	 End-Time
CarID 	 Direction 	 Arrival-Time 	 Start-Time 	 End-Time
0		 N 	10:59:24	10:59:24	10:59:25	
1		 N 	10:59:24	10:59:25	10:59:26	
2		 S 	10:59:24	10:59:26	10:59:27	
3		 S 	10:59:24	10:59:27	CarID 	 Direction 	 Arrival-Time 	 Start-Time 	 End-Time
0		 N 	10:59:29	10:59:29	10:59:30	
1		 N 	10:59:29	10:59:30	10:59:31	
2		 S 	10:59:29	10:59:31	10:59:32	
3		 S 	10:59:29	10:59:32	10:59:33	
CarID 	 Direction 	 Arrival-Time 	 Start-Time 	 End-Time
