16:00:00	Asleep
16:00:00	Awake
16:00:00	Asleep
16:00:00	Awake
16:00:00	Asleep
16:00:00	Awake
16:00:00	Asleep
16:00:00	Awake
16:00:00	Asleep
16:00:00	Awake
16:00:00	Asleep
16:00:00	Awake
16:00:00	Asleep
16:00:00	Asleep
16:00:00	Awake
16:00:00	Asleep
16:00:00	Awake
16:00:00	Asleep
16:00:00	Awake
16:00:00	Asleep
16:00:00	Awake
16:00:00	Asleep
16:00:00	Asleep
16:00:00	Awake
16:00:00	Asleep
16:00:00	Awake
16:00:00	Asleep
16:00:00	Asleep
16:00:00	Awake
16:00:00	Asleep
16:00:00	Awake
16:00:00	Asleep
16:00:00	Awake
16:00:00	Asleep
16:00:00	Asleep
16:00:00	Awake
16:00:00	Asleep
16:00:00	Asleep
16:00:00	Asleep
16:00:00	Awake
16:00:00	Asleep
16:00:00	Awake
16:00:00	Asleep
16:00:00	Awake
16:00:00	Sleeping
16:00:00	Awake
16:00:00	Sleeping
16:00:00	Awake
16:00:00	Sleeping
16:00:00	Awake
16:00:00	Sleeping
16:00:00	Awake
16:00:00	Sleeping
16:00:00	Awake
16:00:00	Sleeping
16:00:00	Awake
16:00:00	Sleeping
16:00:00	Awake
16:00:00	Sleeping
16:00:00	Awake
16:00:00	Sleeping
16:00:00	Sleeping
16:00:00	Awake
16:00:00	Sleeping
16:00:00	Sleeping
16:00:00	Awake
16:00:00	Sleeping
16:00:00	Sleeping
16:00:00	Awake
16:00:00	Sleeping
16:00:00	Awake
16:00:00	Sleeping
16:00:00	Awake
16:00:00	Sleeping
16:00:00	Awake
16:00:00	Sleeping
16:00:00	Sleeping
16:00:00	Sleeping
16:00:00	Awake
16:00:00	Sleeping
16:00:00	Awake
16:00:00	Sleeping
16:00:00	Awake
16:00:00	Sleeping
16:00:00	Awake
16:00:00	Sleeping
16:00:00	Awake
16:00:00	Sleeping
16:00:00	Awake
16:00:00	Sleeping
16:00:00	Sleeping
16:00:00	Awake
16:00:00	Sleeping
16:00:00	Sleeping
16:00:00	Awake
16:00:00	Sleeping
16:00:00	Sleeping
16:00:00	Sleeping
16:00:00	Sleeping
16:00:00	Sleeping
16:00:00	Sleeping
16:00:00	Sleeping
16:00:00	Sleeping
16:00:00	Sleeping
16:00:00	Sleeping
16:00:00	Sleeping
16:00:00	Sleeping
16:00:00	Sleeping
16:00:00	Sleeping
16:00:00	Sleeping
16:00:00	Sleeping
16:00:00	Sleeping
16:00:00	Awake
16:00:00	Sleeping
16:00:00	Awake
16:00:00	Sleeping
16:00:00	Awake
16:00:00	Sleeping
16:00:00	Awake
16:00:00	Sleeping
16:00:00	Awake
16:00:00	Sleeping
16:00:00	Sleeping
16:00:00	Sleeping
16:00:00	Sleeping
16:00:00	Awake
16:00:00	Sleeping
16:00:00	Awake
16:00:00	Sleeping
16:00:00	Awake
16:00:00	Sleeping
16:00:00	Awake
16:00:00	Sleeping
16:00:00	Awake
16:00:00	Sleeping
16:00:00	Sleeping
16:00:00	Awake
16:00:00	Sleeping
16:00:00	Awake
16:00:00	Sleeping
16:00:00	Awake
16:00:00	Sleeping
16:00:00	Sleeping
Sun Feb 17 20:51:47 2019
	Sleeping
Sun Feb 17 20:52:06 2019
	Awake
Sun Feb 17 20:52:22 2019
	Sleeping
Sun Feb 17 20:52:44 2019
	Awake
Sun Feb 17 20:52:53 2019
	Sleeping
Time 		 State 
Sun Feb 17 21:01:45 2019
	Sleeping
Sun Feb 17 21:02:23 2019
	Awake
Sun Feb 17 21:02:37 2019
	Sleeping
Sun Feb 17 21:02:42 2019
	Awake
Sun Feb 17 21:02:44 2019
	Sleeping
Time 				 State
Sun Feb 17 21:06:37 2019
				Sleeping
Sun Feb 17 21:06:37 2019
				Awake
Sun Feb 17 21:06:45 2019
				Sleeping
Time 				 State
Sun Feb 17 21:09:03 2019
				Sleeping
Sun Feb 17 21:09:03 2019
				Awake
Sun Feb 17 21:09:09 2019
				Sleeping
Time 				 State
c				Sleeping
Time 				 State
c				Sleeping
c				Awake
c				Sleeping
c				Awake
Time 				 State
c				SleepingTime 				 State
c				Sleepingc				Awakec				SleepingTime 				 State
Time 				 State
c				Sleeping
c				Awake
c				Sleeping
Time 				 State
c				Sleeping
c				Awake
Time 				 State
c				Sleeping
c				Awake
c				Sleeping
Time 				 State
Sun Feb 17 21:42:41 2019
				Sleeping
Sun Feb 17 21:42:41 2019
				Awake
Sun Feb 17 21:42:43 2019
				Sleeping
Time 				 State
Sun Feb 17 21:42:47 2019
				Sleeping
Sun Feb 17 21:42:47 2019
				Awake
Sun Feb 17 21:42:49 2019
				Sleeping
Time 				 State
Sun Feb 17 21:42:53 2019
				Sleeping
Sun Feb 17 21:42:53 2019
				Awake
Sun Feb 17 21:42:55 2019
				Sleeping
Time 				 State
Sun Feb 17 21:43:02 2019
				Sleeping
Time 				 State
Sun Feb 17 21:43:05 2019
				Sleeping
Sun Feb 17 21:43:05 2019
				Awake
Sun Feb 17 21:43:07 2019
				Sleeping
Sun Feb 17 21:43:43 2019
				Awake
Sun Feb 17 21:43:55 2019
				Sleeping
Sun Feb 17 21:44:02 2019
				Awake
Sun Feb 17 21:44:04 2019
				Sleeping
Sun Feb 17 21:44:21 2019
				Awake
Sun Feb 17 21:44:35 2019
				Sleeping
Sun Feb 17 21:44:40 2019
				Awake
Sun Feb 17 21:44:46 2019
				Sleeping
Time 				 State
Sun Feb 17 21:50:30 2019
				Sleeping
Sun Feb 17 21:50:30 2019
				Awake
Time 				 State
Sun Feb 17 21:50:32 2019
				Sleeping
Sun Feb 17 21:50:32 2019
				Awake
Sun Feb 17 21:50:34 2019
				Sleeping
Sun Feb 17 21:50:51 2019
				Awake
Sun Feb 17 21:50:59 2019
				Sleeping
Time 				 State
Time 				 State
21:55:13				Sleeping
21:55:52				Awake
21:55:57				Sleeping
Time 		 State
21:57:22		Sleeping
21:57:22		Awake
21:57:30		Sleeping
Time 			 State
21:58:20		Sleeping
21:58:20		Awake
21:58:24		Sleeping
21:59:17		Awake
Time 			 State
Time 			 State
22:06:52		Sleep
22:06:52		Woken-Up
Time 			 State
22:07:40		Sleep
22:07:40		Woken-Up
22:07:57		Sleep
22:08:18		Woken-Up
22:08:40		Sleep
Time 			 State
Time 			 State
22:47:48		Sleep
Time 			 State
22:47:57		Sleep
Time 			 State
22:47:59		Sleep
22:47:59		Woken-Up
22:48:01		Sleep
22:48:38		Woken-Up
22:48:56		Sleep
22:48:57		Woken-Up
Time 			 State
Time 			 State
22:53:52		Sleep
22:53:52		Woken-Up
22:53:54		Sleep
22:54:11		Woken-Up
22:54:13		Sleep
22:54:30		Woken-Up
22:54:42		Sleep
Time 			 State
22:56:18		Sleep
22:56:18		Woken-Up
22:56:27		Sleep
22:56:37		Woken-Up
22:56:45		Sleep
Time 			 State
10:59:00		Sleep
10:59:00		Woken-Up
10:59:10		Sleep
Time 			 State
10:59:15		Sleep
10:59:15		Woken-Up
Time 			 State
10:59:21		Sleep
Time 			 State
10:59:24		Sleep
10:59:24		Woken-Up
Time 			 State
10:59:29		Sleep
10:59:29		Woken-Up
10:59:33		Sleep
Time 			 State
